2026-04-03 14:51:40 - Info - Application started
2026-04-03 14:54:55 - Info - Application closed
2026-04-03 22:59:51 - Info - Application started
2026-04-03 23:00:45 - Info - Added 1 files to playlist
2026-04-03 23:02:35 - Info - Application started
2026-04-03 23:05:20 - Info - Application closed
2026-04-03 23:05:31 - Info - Application started
2026-04-04 00:40:02 - Info - Initializing LibVLC...
2026-04-04 00:40:02 - Info - Core initialized
2026-04-04 00:40:02 - Info - LibVLC version: 3.0.20 Vetinari
2026-04-04 00:40:03 - Info - MediaPlayer created
2026-04-04 00:40:03 - Info - MediaPlayer event handlers attached
2026-04-04 00:40:03 - Info - Application started
2026-04-04 00:40:13 - Info - Window closing starting...
2026-04-04 00:40:13 - Info - Application closed
2026-04-04 00:40:13 - Info - MediaPlayer stopped
2026-04-04 00:40:13 - Info - MediaPlayer disposed
2026-04-04 00:40:13 - Info - LibVLC disposed
2026-04-04 00:40:13 - Info - Forcing application exit...
2026-04-04 00:40:13 - Info - Exiting process
2026-04-04 00:40:13 - Info - Application exit
